{"total": {"lines":{"total":298,"covered":126,"skipped":0,"pct":42.28},"statements":{"total":305,"covered":126,"skipped":0,"pct":41.31},"functions":{"total":26,"covered":10,"skipped":0,"pct":38.46},"branches":{"total":168,"covered":49,"skipped":0,"pct":29.16},"branchesTrue":{"total":0,"covered":0,"skipped":0,"pct":100}}
,"/media/naman/BAA84876A8483365/SocialSync/server/config/cloudinary.ts": {"lines":{"total":1,"covered":0,"skipped":0,"pct":0},"functions":{"total":0,"covered":0,"skipped":0,"pct":100},"statements":{"total":1,"covered":0,"skipped":0,"pct":0},"branches":{"total":0,"covered":0,"skipped":0,"pct":100}}
,"/media/naman/BAA84876A8483365/SocialSync/server/config/db.ts": {"lines":{"total":6,"covered":0,"skipped":0,"pct":0},"functions":{"total":1,"covered":0,"skipped":0,"pct":0},"statements":{"total":6,"covered":0,"skipped":0,"pct":0},"branches":{"total":0,"covered":0,"skipped":0,"pct":100}}
,"/media/naman/BAA84876A8483365/SocialSync/server/config/mailer.ts": {"lines":{"total":2,"covered":0,"skipped":0,"pct":0},"functions":{"total":0,"covered":0,"skipped":0,"pct":100},"statements":{"total":2,"covered":0,"skipped":0,"pct":0},"branches":{"total":2,"covered":0,"skipped":0,"pct":0}}
,"/media/naman/BAA84876A8483365/SocialSync/server/config/multer.ts": {"lines":{"total":2,"covered":0,"skipped":0,"pct":0},"functions":{"total":0,"covered":0,"skipped":0,"pct":100},"statements":{"total":2,"covered":0,"skipped":0,"pct":0},"branches":{"total":0,"covered":0,"skipped":0,"pct":100}}
,"/media/naman/BAA84876A8483365/SocialSync/server/config/zernio.ts": {"lines":{"total":3,"covered":0,"skipped":0,"pct":0},"functions":{"total":0,"covered":0,"skipped":0,"pct":100},"statements":{"total":3,"covered":0,"skipped":0,"pct":0},"branches":{"total":2,"covered":0,"skipped":0,"pct":0}}
,"/media/naman/BAA84876A8483365/SocialSync/server/controllers/accountControllers.ts": {"lines":{"total":25,"covered":0,"skipped":0,"pct":0},"functions":{"total":3,"covered":0,"skipped":0,"pct":0},"statements":{"total":25,"covered":0,"skipped":0,"pct":0},"branches":{"total":12,"covered":0,"skipped":0,"pct":0}}
,"/media/naman/BAA84876A8483365/SocialSync/server/controllers/activityController.ts": {"lines":{"total":5,"covered":0,"skipped":0,"pct":0},"functions":{"total":1,"covered":0,"skipped":0,"pct":0},"statements":{"total":5,"covered":0,"skipped":0,"pct":0},"branches":{"total":2,"covered":0,"skipped":0,"pct":0}}
,"/media/naman/BAA84876A8483365/SocialSync/server/controllers/authController.ts": {"lines":{"total":76,"covered":69,"skipped":0,"pct":90.78},"functions":{"total":5,"covered":5,"skipped":0,"pct":100},"statements":{"total":76,"covered":69,"skipped":0,"pct":90.78},"branches":{"total":41,"covered":32,"skipped":0,"pct":78.04}}
,"/media/naman/BAA84876A8483365/SocialSync/server/controllers/postController.ts": {"lines":{"total":69,"covered":44,"skipped":0,"pct":63.76},"functions":{"total":7,"covered":4,"skipped":0,"pct":57.14},"statements":{"total":73,"covered":44,"skipped":0,"pct":60.27},"branches":{"total":34,"covered":10,"skipped":0,"pct":29.41}}
,"/media/naman/BAA84876A8483365/SocialSync/server/controllers/socialAuthController.ts": {"lines":{"total":60,"covered":0,"skipped":0,"pct":0},"functions":{"total":3,"covered":0,"skipped":0,"pct":0},"statements":{"total":61,"covered":0,"skipped":0,"pct":0},"branches":{"total":49,"covered":0,"skipped":0,"pct":0}}
,"/media/naman/BAA84876A8483365/SocialSync/server/middlewares/authMiddleware.ts": {"lines":{"total":13,"covered":13,"skipped":0,"pct":100},"functions":{"total":1,"covered":1,"skipped":0,"pct":100},"statements":{"total":13,"covered":13,"skipped":0,"pct":100},"branches":{"total":8,"covered":7,"skipped":0,"pct":87.5}}
,"/media/naman/BAA84876A8483365/SocialSync/server/services/scheduleService.ts": {"lines":{"total":36,"covered":0,"skipped":0,"pct":0},"functions":{"total":5,"covered":0,"skipped":0,"pct":0},"statements":{"total":38,"covered":0,"skipped":0,"pct":0},"branches":{"total":18,"covered":0,"skipped":0,"pct":0}}
}
